nohup: ignoring input
在容器内执行: DOCKER_CONTAINER=gem5-ggy, CONTAINER_GEM5=/gem5
日志目录: /home/gaoguangyuan/GEM5/cpt_logs
m5out 按 workload 保存到: /home/gaoguangyuan/GEM5/m5out_saved
workloads 目录: /home/gaoguangyuan/GEM5/workloads
执行方式: 在容器 gem5-ggy 内运行 (CONTAINER_GEM5=/gem5)
共找到 96 个 checkpoint 文件。
[1/96] 即将运行: 500.perlbench_r_10G_0__0_0.003745_memory_.gz
  后台 PID 2811486 : /home/gaoguangyuan/GEM5/workloads/500.perlbench_r_10G/0/_0_0.003745_memory_.gz -> /home/gaoguangyuan/GEM5/cpt_logs/500.perlbench_r_10G_0__0_0.003745_memory_.gz.log, m5out -> /gem5/m5out_saved/...
[2/96] 即将运行: 500.perlbench_r_10G_106__106_0.007491_memory_.gz
  后台 PID 2811574 : /home/gaoguangyuan/GEM5/workloads/500.perlbench_r_10G/106/_106_0.007491_memory_.gz -> /home/gaoguangyuan/GEM5/cpt_logs/500.perlbench_r_10G_106__106_0.007491_memory_.gz.log, m5out -> /gem5/m5out_saved/...
[3/96] 即将运行: 500.perlbench_r_10G_113__113_0.067416_memory_.gz
  后台 PID 2811647 : /home/gaoguangyuan/GEM5/workloads/500.perlbench_r_10G/113/_113_0.067416_memory_.gz -> /home/gaoguangyuan/GEM5/cpt_logs/500.perlbench_r_10G_113__113_0.067416_memory_.gz.log, m5out -> /gem5/m5out_saved/...
[4/96] 即将运行: 500.perlbench_r_10G_116__116_0.097378_memory_.gz
  后台 PID 2811700 : /home/gaoguangyuan/GEM5/workloads/500.perlbench_r_10G/116/_116_0.097378_memory_.gz -> /home/gaoguangyuan/GEM5/cpt_logs/500.perlbench_r_10G_116__116_0.097378_memory_.gz.log, m5out -> /gem5/m5out_saved/...
[5/96] 即将运行: 500.perlbench_r_10G_124__124_0.003745_memory_.gz
  后台 PID 2811757 : /home/gaoguangyuan/GEM5/workloads/500.perlbench_r_10G/124/_124_0.003745_memory_.gz -> /home/gaoguangyuan/GEM5/cpt_logs/500.perlbench_r_10G_124__124_0.003745_memory_.gz.log, m5out -> /gem5/m5out_saved/...
已提交本批 5 个任务，等待本批完成后继续...
[6/96] 即将运行: 500.perlbench_r_10G_125__125_0.003745_memory_.gz
  后台 PID 2813367 : /home/gaoguangyuan/GEM5/workloads/500.perlbench_r_10G/125/_125_0.003745_memory_.gz -> /home/gaoguangyuan/GEM5/cpt_logs/500.perlbench_r_10G_125__125_0.003745_memory_.gz.log, m5out -> /gem5/m5out_saved/...
[7/96] 即将运行: 500.perlbench_r_10G_131__131_0.123596_memory_.gz
  后台 PID 2813419 : /home/gaoguangyuan/GEM5/workloads/500.perlbench_r_10G/131/_131_0.123596_memory_.gz -> /home/gaoguangyuan/GEM5/cpt_logs/500.perlbench_r_10G_131__131_0.123596_memory_.gz.log, m5out -> /gem5/m5out_saved/...
[8/96] 即将运行: 500.perlbench_r_10G_146__146_0.142322_memory_.gz
  后台 PID 2813472 : /home/gaoguangyuan/GEM5/workloads/500.perlbench_r_10G/146/_146_0.142322_memory_.gz -> /home/gaoguangyuan/GEM5/cpt_logs/500.perlbench_r_10G_146__146_0.142322_memory_.gz.log, m5out -> /gem5/m5out_saved/...
[9/96] 即将运行: 500.perlbench_r_10G_16__16_0.074906_memory_.gz
  后台 PID 2813526 : /home/gaoguangyuan/GEM5/workloads/500.perlbench_r_10G/16/_16_0.074906_memory_.gz -> /home/gaoguangyuan/GEM5/cpt_logs/500.perlbench_r_10G_16__16_0.074906_memory_.gz.log, m5out -> /gem5/m5out_saved/...
[10/96] 即将运行: 500.perlbench_r_10G_197__197_0.003745_memory_.gz
  后台 PID 2813575 : /home/gaoguangyuan/GEM5/workloads/500.perlbench_r_10G/197/_197_0.003745_memory_.gz -> /home/gaoguangyuan/GEM5/cpt_logs/500.perlbench_r_10G_197__197_0.003745_memory_.gz.log, m5out -> /gem5/m5out_saved/...
已提交本批 5 个任务，等待本批完成后继续...
[11/96] 即将运行: 500.perlbench_r_10G_2__2_0.082397_memory_.gz
  后台 PID 2814966 : /home/gaoguangyuan/GEM5/workloads/500.perlbench_r_10G/2/_2_0.082397_memory_.gz -> /home/gaoguangyuan/GEM5/cpt_logs/500.perlbench_r_10G_2__2_0.082397_memory_.gz.log, m5out -> /gem5/m5out_saved/...
[12/96] 即将运行: 500.perlbench_r_10G_232__232_0.217228_memory_.gz
  后台 PID 2815016 : /home/gaoguangyuan/GEM5/workloads/500.perlbench_r_10G/232/_232_0.217228_memory_.gz -> /home/gaoguangyuan/GEM5/cpt_logs/500.perlbench_r_10G_232__232_0.217228_memory_.gz.log, m5out -> /gem5/m5out_saved/...
[13/96] 即将运行: 500.perlbench_r_10G_259__259_0.022472_memory_.gz
  后台 PID 2815069 : /home/gaoguangyuan/GEM5/workloads/500.perlbench_r_10G/259/_259_0.022472_memory_.gz -> /home/gaoguangyuan/GEM5/cpt_logs/500.perlbench_r_10G_259__259_0.022472_memory_.gz.log, m5out -> /gem5/m5out_saved/...
[14/96] 即将运行: 500.perlbench_r_10G_264__264_0.018727_memory_.gz
  后台 PID 2815120 : /home/gaoguangyuan/GEM5/workloads/500.perlbench_r_10G/264/_264_0.018727_memory_.gz -> /home/gaoguangyuan/GEM5/cpt_logs/500.perlbench_r_10G_264__264_0.018727_memory_.gz.log, m5out -> /gem5/m5out_saved/...
[15/96] 即将运行: 500.perlbench_r_10G_50__50_0.086142_memory_.gz
  后台 PID 2815171 : /home/gaoguangyuan/GEM5/workloads/500.perlbench_r_10G/50/_50_0.086142_memory_.gz -> /home/gaoguangyuan/GEM5/cpt_logs/500.perlbench_r_10G_50__50_0.086142_memory_.gz.log, m5out -> /gem5/m5out_saved/...
已提交本批 5 个任务，等待本批完成后继续...
[16/96] 即将运行: 500.perlbench_r_10G_69__69_0.041198_memory_.gz
  后台 PID 2816559 : /home/gaoguangyuan/GEM5/workloads/500.perlbench_r_10G/69/_69_0.041198_memory_.gz -> /home/gaoguangyuan/GEM5/cpt_logs/500.perlbench_r_10G_69__69_0.041198_memory_.gz.log, m5out -> /gem5/m5out_saved/...
[17/96] 即将运行: 500.perlbench_r_10G_8__8_0.003745_memory_.gz
  后台 PID 2816615 : /home/gaoguangyuan/GEM5/workloads/500.perlbench_r_10G/8/_8_0.003745_memory_.gz -> /home/gaoguangyuan/GEM5/cpt_logs/500.perlbench_r_10G_8__8_0.003745_memory_.gz.log, m5out -> /gem5/m5out_saved/...
[18/96] 即将运行: 502.gcc_r_10G_114__114_0.066667_memory_.gz
  后台 PID 2816662 : /home/gaoguangyuan/GEM5/workloads/502.gcc_r_10G/114/_114_0.066667_memory_.gz -> /home/gaoguangyuan/GEM5/cpt_logs/502.gcc_r_10G_114__114_0.066667_memory_.gz.log, m5out -> /gem5/m5out_saved/...
[19/96] 即将运行: 502.gcc_r_10G_50__50_0.041667_memory_.gz
  后台 PID 2816718 : /home/gaoguangyuan/GEM5/workloads/502.gcc_r_10G/50/_50_0.041667_memory_.gz -> /home/gaoguangyuan/GEM5/cpt_logs/502.gcc_r_10G_50__50_0.041667_memory_.gz.log, m5out -> /gem5/m5out_saved/...
[20/96] 即将运行: 502.gcc_r_10G_57__57_0.808333_memory_.gz
  后台 PID 2816771 : /home/gaoguangyuan/GEM5/workloads/502.gcc_r_10G/57/_57_0.808333_memory_.gz -> /home/gaoguangyuan/GEM5/cpt_logs/502.gcc_r_10G_57__57_0.808333_memory_.gz.log, m5out -> /gem5/m5out_saved/...
已提交本批 5 个任务，等待本批完成后继续...
[21/96] 即将运行: 502.gcc_r_10G_99__99_0.083333_memory_.gz
  后台 PID 2818179 : /home/gaoguangyuan/GEM5/workloads/502.gcc_r_10G/99/_99_0.083333_memory_.gz -> /home/gaoguangyuan/GEM5/cpt_logs/502.gcc_r_10G_99__99_0.083333_memory_.gz.log, m5out -> /gem5/m5out_saved/...
[22/96] 即将运行: 505.mcf_r_10G_22__22_0.112360_memory_.gz
  后台 PID 2818230 : /home/gaoguangyuan/GEM5/workloads/505.mcf_r_10G/22/_22_0.112360_memory_.gz -> /home/gaoguangyuan/GEM5/cpt_logs/505.mcf_r_10G_22__22_0.112360_memory_.gz.log, m5out -> /gem5/m5out_saved/...
[23/96] 即将运行: 505.mcf_r_10G_25__25_0.067416_memory_.gz
  后台 PID 2818283 : /home/gaoguangyuan/GEM5/workloads/505.mcf_r_10G/25/_25_0.067416_memory_.gz -> /home/gaoguangyuan/GEM5/cpt_logs/505.mcf_r_10G_25__25_0.067416_memory_.gz.log, m5out -> /gem5/m5out_saved/...
[24/96] 即将运行: 505.mcf_r_10G_28__28_0.056180_memory_.gz
  后台 PID 2818343 : /home/gaoguangyuan/GEM5/workloads/505.mcf_r_10G/28/_28_0.056180_memory_.gz -> /home/gaoguangyuan/GEM5/cpt_logs/505.mcf_r_10G_28__28_0.056180_memory_.gz.log, m5out -> /gem5/m5out_saved/...
[25/96] 即将运行: 505.mcf_r_10G_50__50_0.101124_memory_.gz
  后台 PID 2818395 : /home/gaoguangyuan/GEM5/workloads/505.mcf_r_10G/50/_50_0.101124_memory_.gz -> /home/gaoguangyuan/GEM5/cpt_logs/505.mcf_r_10G_50__50_0.101124_memory_.gz.log, m5out -> /gem5/m5out_saved/...
已提交本批 5 个任务，等待本批完成后继续...
[26/96] 即将运行: 505.mcf_r_10G_55__55_0.348315_memory_.gz
  后台 PID 2819782 : /home/gaoguangyuan/GEM5/workloads/505.mcf_r_10G/55/_55_0.348315_memory_.gz -> /home/gaoguangyuan/GEM5/cpt_logs/505.mcf_r_10G_55__55_0.348315_memory_.gz.log, m5out -> /gem5/m5out_saved/...
[27/96] 即将运行: 505.mcf_r_10G_69__69_0.123596_memory_.gz
  后台 PID 2819833 : /home/gaoguangyuan/GEM5/workloads/505.mcf_r_10G/69/_69_0.123596_memory_.gz -> /home/gaoguangyuan/GEM5/cpt_logs/505.mcf_r_10G_69__69_0.123596_memory_.gz.log, m5out -> /gem5/m5out_saved/...
[28/96] 即将运行: 505.mcf_r_10G_79__79_0.168539_memory_.gz
  后台 PID 2819884 : /home/gaoguangyuan/GEM5/workloads/505.mcf_r_10G/79/_79_0.168539_memory_.gz -> /home/gaoguangyuan/GEM5/cpt_logs/505.mcf_r_10G_79__79_0.168539_memory_.gz.log, m5out -> /gem5/m5out_saved/...
[29/96] 即将运行: 505.mcf_r_10G_87__87_0.022472_memory_.gz
  后台 PID 2819936 : /home/gaoguangyuan/GEM5/workloads/505.mcf_r_10G/87/_87_0.022472_memory_.gz -> /home/gaoguangyuan/GEM5/cpt_logs/505.mcf_r_10G_87__87_0.022472_memory_.gz.log, m5out -> /gem5/m5out_saved/...
[30/96] 即将运行: 520.omnetpp_r_10G_0__0_0.008772_memory_.gz
  后台 PID 2819995 : /home/gaoguangyuan/GEM5/workloads/520.omnetpp_r_10G/0/_0_0.008772_memory_.gz -> /home/gaoguangyuan/GEM5/cpt_logs/520.omnetpp_r_10G_0__0_0.008772_memory_.gz.log, m5out -> /gem5/m5out_saved/...
已提交本批 5 个任务，等待本批完成后继续...
[31/96] 即将运行: 520.omnetpp_r_10G_107__107_0.140351_memory_.gz
  后台 PID 2821364 : /home/gaoguangyuan/GEM5/workloads/520.omnetpp_r_10G/107/_107_0.140351_memory_.gz -> /home/gaoguangyuan/GEM5/cpt_logs/520.omnetpp_r_10G_107__107_0.140351_memory_.gz.log, m5out -> /gem5/m5out_saved/...
[32/96] 即将运行: 520.omnetpp_r_10G_17__17_0.035088_memory_.gz
  后台 PID 2821420 : /home/gaoguangyuan/GEM5/workloads/520.omnetpp_r_10G/17/_17_0.035088_memory_.gz -> /home/gaoguangyuan/GEM5/cpt_logs/520.omnetpp_r_10G_17__17_0.035088_memory_.gz.log, m5out -> /gem5/m5out_saved/...
[33/96] 即将运行: 520.omnetpp_r_10G_30__30_0.149123_memory_.gz
  后台 PID 2821471 : /home/gaoguangyuan/GEM5/workloads/520.omnetpp_r_10G/30/_30_0.149123_memory_.gz -> /home/gaoguangyuan/GEM5/cpt_logs/520.omnetpp_r_10G_30__30_0.149123_memory_.gz.log, m5out -> /gem5/m5out_saved/...
[34/96] 即将运行: 520.omnetpp_r_10G_58__58_0.535088_memory_.gz
  后台 PID 2821529 : /home/gaoguangyuan/GEM5/workloads/520.omnetpp_r_10G/58/_58_0.535088_memory_.gz -> /home/gaoguangyuan/GEM5/cpt_logs/520.omnetpp_r_10G_58__58_0.535088_memory_.gz.log, m5out -> /gem5/m5out_saved/...
[35/96] 即将运行: 520.omnetpp_r_10G_9__9_0.131579_memory_.gz
  后台 PID 2821579 : /home/gaoguangyuan/GEM5/workloads/520.omnetpp_r_10G/9/_9_0.131579_memory_.gz -> /home/gaoguangyuan/GEM5/cpt_logs/520.omnetpp_r_10G_9__9_0.131579_memory_.gz.log, m5out -> /gem5/m5out_saved/...
已提交本批 5 个任务，等待本批完成后继续...
[36/96] 即将运行: 523.xalancbmk_r_10G_0__0_0.022556_memory_.gz
  后台 PID 2822980 : /home/gaoguangyuan/GEM5/workloads/523.xalancbmk_r_10G/0/_0_0.022556_memory_.gz -> /home/gaoguangyuan/GEM5/cpt_logs/523.xalancbmk_r_10G_0__0_0.022556_memory_.gz.log, m5out -> /gem5/m5out_saved/...
[37/96] 即将运行: 523.xalancbmk_r_10G_120__120_0.135338_memory_.gz
  后台 PID 2823033 : /home/gaoguangyuan/GEM5/workloads/523.xalancbmk_r_10G/120/_120_0.135338_memory_.gz -> /home/gaoguangyuan/GEM5/cpt_logs/523.xalancbmk_r_10G_120__120_0.135338_memory_.gz.log, m5out -> /gem5/m5out_saved/...
[38/96] 即将运行: 523.xalancbmk_r_10G_128__128_0.466165_memory_.gz
  后台 PID 2823083 : /home/gaoguangyuan/GEM5/workloads/523.xalancbmk_r_10G/128/_128_0.466165_memory_.gz -> /home/gaoguangyuan/GEM5/cpt_logs/523.xalancbmk_r_10G_128__128_0.466165_memory_.gz.log, m5out -> /gem5/m5out_saved/...
[39/96] 即将运行: 523.xalancbmk_r_10G_18__18_0.180451_memory_.gz
  后台 PID 2823134 : /home/gaoguangyuan/GEM5/workloads/523.xalancbmk_r_10G/18/_18_0.180451_memory_.gz -> /home/gaoguangyuan/GEM5/cpt_logs/523.xalancbmk_r_10G_18__18_0.180451_memory_.gz.log, m5out -> /gem5/m5out_saved/...
[40/96] 即将运行: 523.xalancbmk_r_10G_28__28_0.052632_memory_.gz
  后台 PID 2823194 : /home/gaoguangyuan/GEM5/workloads/523.xalancbmk_r_10G/28/_28_0.052632_memory_.gz -> /home/gaoguangyuan/GEM5/cpt_logs/523.xalancbmk_r_10G_28__28_0.052632_memory_.gz.log, m5out -> /gem5/m5out_saved/...
已提交本批 5 个任务，等待本批完成后继续...
[41/96] 即将运行: 523.xalancbmk_r_10G_64__64_0.112782_memory_.gz
  后台 PID 2824579 : /home/gaoguangyuan/GEM5/workloads/523.xalancbmk_r_10G/64/_64_0.112782_memory_.gz -> /home/gaoguangyuan/GEM5/cpt_logs/523.xalancbmk_r_10G_64__64_0.112782_memory_.gz.log, m5out -> /gem5/m5out_saved/...
[42/96] 即将运行: 523.xalancbmk_r_10G_80__80_0.007519_memory_.gz
  后台 PID 2824630 : /home/gaoguangyuan/GEM5/workloads/523.xalancbmk_r_10G/80/_80_0.007519_memory_.gz -> /home/gaoguangyuan/GEM5/cpt_logs/523.xalancbmk_r_10G_80__80_0.007519_memory_.gz.log, m5out -> /gem5/m5out_saved/...
[43/96] 即将运行: 523.xalancbmk_r_10G_84__84_0.022556_memory_.gz
  后台 PID 2824680 : /home/gaoguangyuan/GEM5/workloads/523.xalancbmk_r_10G/84/_84_0.022556_memory_.gz -> /home/gaoguangyuan/GEM5/cpt_logs/523.xalancbmk_r_10G_84__84_0.022556_memory_.gz.log, m5out -> /gem5/m5out_saved/...
[44/96] 即将运行: 525.x264_r_10G_10__10_0.064748_memory_.gz
  后台 PID 2824728 : /home/gaoguangyuan/GEM5/workloads/525.x264_r_10G/10/_10_0.064748_memory_.gz -> /home/gaoguangyuan/GEM5/cpt_logs/525.x264_r_10G_10__10_0.064748_memory_.gz.log, m5out -> /gem5/m5out_saved/...
[45/96] 即将运行: 525.x264_r_10G_101__101_0.038369_memory_.gz
  后台 PID 2824779 : /home/gaoguangyuan/GEM5/workloads/525.x264_r_10G/101/_101_0.038369_memory_.gz -> /home/gaoguangyuan/GEM5/cpt_logs/525.x264_r_10G_101__101_0.038369_memory_.gz.log, m5out -> /gem5/m5out_saved/...
已提交本批 5 个任务，等待本批完成后继续...
[46/96] 即将运行: 525.x264_r_10G_126__126_0.033573_memory_.gz
  后台 PID 2826205 : /home/gaoguangyuan/GEM5/workloads/525.x264_r_10G/126/_126_0.033573_memory_.gz -> /home/gaoguangyuan/GEM5/cpt_logs/525.x264_r_10G_126__126_0.033573_memory_.gz.log, m5out -> /gem5/m5out_saved/...
[47/96] 即将运行: 525.x264_r_10G_137__137_0.059952_memory_.gz
  后台 PID 2826257 : /home/gaoguangyuan/GEM5/workloads/525.x264_r_10G/137/_137_0.059952_memory_.gz -> /home/gaoguangyuan/GEM5/cpt_logs/525.x264_r_10G_137__137_0.059952_memory_.gz.log, m5out -> /gem5/m5out_saved/...
[48/96] 即将运行: 525.x264_r_10G_163__163_0.064748_memory_.gz
  后台 PID 2826307 : /home/gaoguangyuan/GEM5/workloads/525.x264_r_10G/163/_163_0.064748_memory_.gz -> /home/gaoguangyuan/GEM5/cpt_logs/525.x264_r_10G_163__163_0.064748_memory_.gz.log, m5out -> /gem5/m5out_saved/...
[49/96] 即将运行: 525.x264_r_10G_188__188_0.086331_memory_.gz
  后台 PID 2826364 : /home/gaoguangyuan/GEM5/workloads/525.x264_r_10G/188/_188_0.086331_memory_.gz -> /home/gaoguangyuan/GEM5/cpt_logs/525.x264_r_10G_188__188_0.086331_memory_.gz.log, m5out -> /gem5/m5out_saved/...
[50/96] 即将运行: 525.x264_r_10G_237__237_0.004796_memory_.gz
  后台 PID 2826415 : /home/gaoguangyuan/GEM5/workloads/525.x264_r_10G/237/_237_0.004796_memory_.gz -> /home/gaoguangyuan/GEM5/cpt_logs/525.x264_r_10G_237__237_0.004796_memory_.gz.log, m5out -> /gem5/m5out_saved/...
已提交本批 5 个任务，等待本批完成后继续...
[51/96] 即将运行: 525.x264_r_10G_245__245_0.043166_memory_.gz
  后台 PID 2827818 : /home/gaoguangyuan/GEM5/workloads/525.x264_r_10G/245/_245_0.043166_memory_.gz -> /home/gaoguangyuan/GEM5/cpt_logs/525.x264_r_10G_245__245_0.043166_memory_.gz.log, m5out -> /gem5/m5out_saved/...
[52/96] 即将运行: 525.x264_r_10G_273__273_0.069544_memory_.gz
  后台 PID 2827868 : /home/gaoguangyuan/GEM5/workloads/525.x264_r_10G/273/_273_0.069544_memory_.gz -> /home/gaoguangyuan/GEM5/cpt_logs/525.x264_r_10G_273__273_0.069544_memory_.gz.log, m5out -> /gem5/m5out_saved/...
[53/96] 即将运行: 525.x264_r_10G_306__306_0.069544_memory_.gz
  后台 PID 2827923 : /home/gaoguangyuan/GEM5/workloads/525.x264_r_10G/306/_306_0.069544_memory_.gz -> /home/gaoguangyuan/GEM5/cpt_logs/525.x264_r_10G_306__306_0.069544_memory_.gz.log, m5out -> /gem5/m5out_saved/...
[54/96] 即将运行: 525.x264_r_10G_316__316_0.095923_memory_.gz
  后台 PID 2827980 : /home/gaoguangyuan/GEM5/workloads/525.x264_r_10G/316/_316_0.095923_memory_.gz -> /home/gaoguangyuan/GEM5/cpt_logs/525.x264_r_10G_316__316_0.095923_memory_.gz.log, m5out -> /gem5/m5out_saved/...
[55/96] 即将运行: 525.x264_r_10G_345__345_0.050360_memory_.gz
  后台 PID 2828030 : /home/gaoguangyuan/GEM5/workloads/525.x264_r_10G/345/_345_0.050360_memory_.gz -> /home/gaoguangyuan/GEM5/cpt_logs/525.x264_r_10G_345__345_0.050360_memory_.gz.log, m5out -> /gem5/m5out_saved/...
已提交本批 5 个任务，等待本批完成后继续...
[56/96] 即将运行: 525.x264_r_10G_358__358_0.055156_memory_.gz
  后台 PID 2829492 : /home/gaoguangyuan/GEM5/workloads/525.x264_r_10G/358/_358_0.055156_memory_.gz -> /home/gaoguangyuan/GEM5/cpt_logs/525.x264_r_10G_358__358_0.055156_memory_.gz.log, m5out -> /gem5/m5out_saved/...
[57/96] 即将运行: 525.x264_r_10G_408__408_0.045563_memory_.gz
  后台 PID 2829542 : /home/gaoguangyuan/GEM5/workloads/525.x264_r_10G/408/_408_0.045563_memory_.gz -> /home/gaoguangyuan/GEM5/cpt_logs/525.x264_r_10G_408__408_0.045563_memory_.gz.log, m5out -> /gem5/m5out_saved/...
[58/96] 即将运行: 525.x264_r_10G_42__42_0.045563_memory_.gz
  后台 PID 2829593 : /home/gaoguangyuan/GEM5/workloads/525.x264_r_10G/42/_42_0.045563_memory_.gz -> /home/gaoguangyuan/GEM5/cpt_logs/525.x264_r_10G_42__42_0.045563_memory_.gz.log, m5out -> /gem5/m5out_saved/...
[59/96] 即将运行: 525.x264_r_10G_47__47_0.002398_memory_.gz
  后台 PID 2829645 : /home/gaoguangyuan/GEM5/workloads/525.x264_r_10G/47/_47_0.002398_memory_.gz -> /home/gaoguangyuan/GEM5/cpt_logs/525.x264_r_10G_47__47_0.002398_memory_.gz.log, m5out -> /gem5/m5out_saved/...
[60/96] 即将运行: 525.x264_r_10G_69__69_0.040767_memory_.gz
  后台 PID 2829701 : /home/gaoguangyuan/GEM5/workloads/525.x264_r_10G/69/_69_0.040767_memory_.gz -> /home/gaoguangyuan/GEM5/cpt_logs/525.x264_r_10G_69__69_0.040767_memory_.gz.log, m5out -> /gem5/m5out_saved/...
已提交本批 5 个任务，等待本批完成后继续...
[61/96] 即将运行: 525.x264_r_10G_76__76_0.038369_memory_.gz
  后台 PID 2831164 : /home/gaoguangyuan/GEM5/workloads/525.x264_r_10G/76/_76_0.038369_memory_.gz -> /home/gaoguangyuan/GEM5/cpt_logs/525.x264_r_10G_76__76_0.038369_memory_.gz.log, m5out -> /gem5/m5out_saved/...
[62/96] 即将运行: 525.x264_r_10G_84__84_0.059952_memory_.gz
  后台 PID 2831218 : /home/gaoguangyuan/GEM5/workloads/525.x264_r_10G/84/_84_0.059952_memory_.gz -> /home/gaoguangyuan/GEM5/cpt_logs/525.x264_r_10G_84__84_0.059952_memory_.gz.log, m5out -> /gem5/m5out_saved/...
[63/96] 即将运行: 525.x264_r_10G_88__88_0.031175_memory_.gz
  后台 PID 2831270 : /home/gaoguangyuan/GEM5/workloads/525.x264_r_10G/88/_88_0.031175_memory_.gz -> /home/gaoguangyuan/GEM5/cpt_logs/525.x264_r_10G_88__88_0.031175_memory_.gz.log, m5out -> /gem5/m5out_saved/...
[64/96] 即将运行: 531.deepsjeng_r_10G_127__127_0.072727_memory_.gz
  后台 PID 2831321 : /home/gaoguangyuan/GEM5/workloads/531.deepsjeng_r_10G/127/_127_0.072727_memory_.gz -> /home/gaoguangyuan/GEM5/cpt_logs/531.deepsjeng_r_10G_127__127_0.072727_memory_.gz.log, m5out -> /gem5/m5out_saved/...
[65/96] 即将运行: 531.deepsjeng_r_10G_143__143_0.109091_memory_.gz
  后台 PID 2831374 : /home/gaoguangyuan/GEM5/workloads/531.deepsjeng_r_10G/143/_143_0.109091_memory_.gz -> /home/gaoguangyuan/GEM5/cpt_logs/531.deepsjeng_r_10G_143__143_0.109091_memory_.gz.log, m5out -> /gem5/m5out_saved/...
已提交本批 5 个任务，等待本批完成后继续...
[66/96] 即将运行: 531.deepsjeng_r_10G_162__162_0.150000_memory_.gz
  后台 PID 2833821 : /home/gaoguangyuan/GEM5/workloads/531.deepsjeng_r_10G/162/_162_0.150000_memory_.gz -> /home/gaoguangyuan/GEM5/cpt_logs/531.deepsjeng_r_10G_162__162_0.150000_memory_.gz.log, m5out -> /gem5/m5out_saved/...
[67/96] 即将运行: 531.deepsjeng_r_10G_206__206_0.127273_memory_.gz
  后台 PID 2833872 : /home/gaoguangyuan/GEM5/workloads/531.deepsjeng_r_10G/206/_206_0.127273_memory_.gz -> /home/gaoguangyuan/GEM5/cpt_logs/531.deepsjeng_r_10G_206__206_0.127273_memory_.gz.log, m5out -> /gem5/m5out_saved/...
[68/96] 即将运行: 531.deepsjeng_r_10G_29__29_0.250000_memory_.gz
  后台 PID 2833931 : /home/gaoguangyuan/GEM5/workloads/531.deepsjeng_r_10G/29/_29_0.250000_memory_.gz -> /home/gaoguangyuan/GEM5/cpt_logs/531.deepsjeng_r_10G_29__29_0.250000_memory_.gz.log, m5out -> /gem5/m5out_saved/...
[69/96] 即将运行: 531.deepsjeng_r_10G_4__4_0.163636_memory_.gz
  后台 PID 2833986 : /home/gaoguangyuan/GEM5/workloads/531.deepsjeng_r_10G/4/_4_0.163636_memory_.gz -> /home/gaoguangyuan/GEM5/cpt_logs/531.deepsjeng_r_10G_4__4_0.163636_memory_.gz.log, m5out -> /gem5/m5out_saved/...
[70/96] 即将运行: 531.deepsjeng_r_10G_60__60_0.127273_memory_.gz
  后台 PID 2834036 : /home/gaoguangyuan/GEM5/workloads/531.deepsjeng_r_10G/60/_60_0.127273_memory_.gz -> /home/gaoguangyuan/GEM5/cpt_logs/531.deepsjeng_r_10G_60__60_0.127273_memory_.gz.log, m5out -> /gem5/m5out_saved/...
已提交本批 5 个任务，等待本批完成后继续...
[71/96] 即将运行: 541.leela_r_10G_10__10_0.109272_memory_.gz
  后台 PID 2840399 : /home/gaoguangyuan/GEM5/workloads/541.leela_r_10G/10/_10_0.109272_memory_.gz -> /home/gaoguangyuan/GEM5/cpt_logs/541.leela_r_10G_10__10_0.109272_memory_.gz.log, m5out -> /gem5/m5out_saved/...
[72/96] 即将运行: 541.leela_r_10G_142__142_0.155629_memory_.gz
  后台 PID 2840455 : /home/gaoguangyuan/GEM5/workloads/541.leela_r_10G/142/_142_0.155629_memory_.gz -> /home/gaoguangyuan/GEM5/cpt_logs/541.leela_r_10G_142__142_0.155629_memory_.gz.log, m5out -> /gem5/m5out_saved/...
[73/96] 即将运行: 541.leela_r_10G_19__19_0.122517_memory_.gz
  后台 PID 2840509 : /home/gaoguangyuan/GEM5/workloads/541.leela_r_10G/19/_19_0.122517_memory_.gz -> /home/gaoguangyuan/GEM5/cpt_logs/541.leela_r_10G_19__19_0.122517_memory_.gz.log, m5out -> /gem5/m5out_saved/...
[74/96] 即将运行: 541.leela_r_10G_202__202_0.211921_memory_.gz
  后台 PID 2840563 : /home/gaoguangyuan/GEM5/workloads/541.leela_r_10G/202/_202_0.211921_memory_.gz -> /home/gaoguangyuan/GEM5/cpt_logs/541.leela_r_10G_202__202_0.211921_memory_.gz.log, m5out -> /gem5/m5out_saved/...
[75/96] 即将运行: 541.leela_r_10G_216__216_0.139073_memory_.gz
  后台 PID 2840612 : /home/gaoguangyuan/GEM5/workloads/541.leela_r_10G/216/_216_0.139073_memory_.gz -> /home/gaoguangyuan/GEM5/cpt_logs/541.leela_r_10G_216__216_0.139073_memory_.gz.log, m5out -> /gem5/m5out_saved/...
已提交本批 5 个任务，等待本批完成后继续...
[76/96] 即将运行: 541.leela_r_10G_285__285_0.062914_memory_.gz
  后台 PID 2843572 : /home/gaoguangyuan/GEM5/workloads/541.leela_r_10G/285/_285_0.062914_memory_.gz -> /home/gaoguangyuan/GEM5/cpt_logs/541.leela_r_10G_285__285_0.062914_memory_.gz.log, m5out -> /gem5/m5out_saved/...
[77/96] 即将运行: 541.leela_r_10G_296__296_0.029801_memory_.gz
  后台 PID 2843621 : /home/gaoguangyuan/GEM5/workloads/541.leela_r_10G/296/_296_0.029801_memory_.gz -> /home/gaoguangyuan/GEM5/cpt_logs/541.leela_r_10G_296__296_0.029801_memory_.gz.log, m5out -> /gem5/m5out_saved/...
[78/96] 即将运行: 541.leela_r_10G_43__43_0.029801_memory_.gz
  后台 PID 2843676 : /home/gaoguangyuan/GEM5/workloads/541.leela_r_10G/43/_43_0.029801_memory_.gz -> /home/gaoguangyuan/GEM5/cpt_logs/541.leela_r_10G_43__43_0.029801_memory_.gz.log, m5out -> /gem5/m5out_saved/...
[79/96] 即将运行: 541.leela_r_10G_95__95_0.139073_memory_.gz
  后台 PID 2843731 : /home/gaoguangyuan/GEM5/workloads/541.leela_r_10G/95/_95_0.139073_memory_.gz -> /home/gaoguangyuan/GEM5/cpt_logs/541.leela_r_10G_95__95_0.139073_memory_.gz.log, m5out -> /gem5/m5out_saved/...
[80/96] 即将运行: 548.exchange2_r_10G_0__0_0.113402_memory_.gz
  后台 PID 2843790 : /home/gaoguangyuan/GEM5/workloads/548.exchange2_r_10G/0/_0_0.113402_memory_.gz -> /home/gaoguangyuan/GEM5/cpt_logs/548.exchange2_r_10G_0__0_0.113402_memory_.gz.log, m5out -> /gem5/m5out_saved/...
已提交本批 5 个任务，等待本批完成后继续...
[81/96] 即将运行: 548.exchange2_r_10G_146__146_0.164948_memory_.gz
  后台 PID 2845857 : /home/gaoguangyuan/GEM5/workloads/548.exchange2_r_10G/146/_146_0.164948_memory_.gz -> /home/gaoguangyuan/GEM5/cpt_logs/548.exchange2_r_10G_146__146_0.164948_memory_.gz.log, m5out -> /gem5/m5out_saved/...
[82/96] 即将运行: 548.exchange2_r_10G_189__189_0.175258_memory_.gz
  后台 PID 2845909 : /home/gaoguangyuan/GEM5/workloads/548.exchange2_r_10G/189/_189_0.175258_memory_.gz -> /home/gaoguangyuan/GEM5/cpt_logs/548.exchange2_r_10G_189__189_0.175258_memory_.gz.log, m5out -> /gem5/m5out_saved/...
[83/96] 即将运行: 548.exchange2_r_10G_34__34_0.123711_memory_.gz
  后台 PID 2845964 : /home/gaoguangyuan/GEM5/workloads/548.exchange2_r_10G/34/_34_0.123711_memory_.gz -> /home/gaoguangyuan/GEM5/cpt_logs/548.exchange2_r_10G_34__34_0.123711_memory_.gz.log, m5out -> /gem5/m5out_saved/...
[84/96] 即将运行: 548.exchange2_r_10G_46__46_0.108247_memory_.gz
  后台 PID 2846018 : /home/gaoguangyuan/GEM5/workloads/548.exchange2_r_10G/46/_46_0.108247_memory_.gz -> /home/gaoguangyuan/GEM5/cpt_logs/548.exchange2_r_10G_46__46_0.108247_memory_.gz.log, m5out -> /gem5/m5out_saved/...
[85/96] 即将运行: 548.exchange2_r_10G_92__92_0.123711_memory_.gz
  后台 PID 2846069 : /home/gaoguangyuan/GEM5/workloads/548.exchange2_r_10G/92/_92_0.123711_memory_.gz -> /home/gaoguangyuan/GEM5/cpt_logs/548.exchange2_r_10G_92__92_0.123711_memory_.gz.log, m5out -> /gem5/m5out_saved/...
已提交本批 5 个任务，等待本批完成后继续...
[86/96] 即将运行: 548.exchange2_r_10G_98__98_0.190722_memory_.gz
  后台 PID 2847446 : /home/gaoguangyuan/GEM5/workloads/548.exchange2_r_10G/98/_98_0.190722_memory_.gz -> /home/gaoguangyuan/GEM5/cpt_logs/548.exchange2_r_10G_98__98_0.190722_memory_.gz.log, m5out -> /gem5/m5out_saved/...
[87/96] 即将运行: 557.xz_r_10G_108__108_0.112676_memory_.gz
  后台 PID 2847500 : /home/gaoguangyuan/GEM5/workloads/557.xz_r_10G/108/_108_0.112676_memory_.gz -> /home/gaoguangyuan/GEM5/cpt_logs/557.xz_r_10G_108__108_0.112676_memory_.gz.log, m5out -> /gem5/m5out_saved/...
[88/96] 即将运行: 557.xz_r_10G_153__153_0.032864_memory_.gz
  后台 PID 2847552 : /home/gaoguangyuan/GEM5/workloads/557.xz_r_10G/153/_153_0.032864_memory_.gz -> /home/gaoguangyuan/GEM5/cpt_logs/557.xz_r_10G_153__153_0.032864_memory_.gz.log, m5out -> /gem5/m5out_saved/...
[89/96] 即将运行: 557.xz_r_10G_180__180_0.178404_memory_.gz
  后台 PID 2847603 : /home/gaoguangyuan/GEM5/workloads/557.xz_r_10G/180/_180_0.178404_memory_.gz -> /home/gaoguangyuan/GEM5/cpt_logs/557.xz_r_10G_180__180_0.178404_memory_.gz.log, m5out -> /gem5/m5out_saved/...
[90/96] 即将运行: 557.xz_r_10G_183__183_0.070422_memory_.gz
  后台 PID 2847654 : /home/gaoguangyuan/GEM5/workloads/557.xz_r_10G/183/_183_0.070422_memory_.gz -> /home/gaoguangyuan/GEM5/cpt_logs/557.xz_r_10G_183__183_0.070422_memory_.gz.log, m5out -> /gem5/m5out_saved/...
已提交本批 5 个任务，等待本批完成后继续...
[91/96] 即将运行: 557.xz_r_10G_2__2_0.032864_memory_.gz
  后台 PID 2849309 : /home/gaoguangyuan/GEM5/workloads/557.xz_r_10G/2/_2_0.032864_memory_.gz -> /home/gaoguangyuan/GEM5/cpt_logs/557.xz_r_10G_2__2_0.032864_memory_.gz.log, m5out -> /gem5/m5out_saved/...
[92/96] 即将运行: 557.xz_r_10G_37__37_0.178404_memory_.gz
  后台 PID 2849367 : /home/gaoguangyuan/GEM5/workloads/557.xz_r_10G/37/_37_0.178404_memory_.gz -> /home/gaoguangyuan/GEM5/cpt_logs/557.xz_r_10G_37__37_0.178404_memory_.gz.log, m5out -> /gem5/m5out_saved/...
[93/96] 即将运行: 557.xz_r_10G_46__46_0.089202_memory_.gz
  后台 PID 2849417 : /home/gaoguangyuan/GEM5/workloads/557.xz_r_10G/46/_46_0.089202_memory_.gz -> /home/gaoguangyuan/GEM5/cpt_logs/557.xz_r_10G_46__46_0.089202_memory_.gz.log, m5out -> /gem5/m5out_saved/...
[94/96] 即将运行: 557.xz_r_10G_66__66_0.136150_memory_.gz
  后台 PID 2849467 : /home/gaoguangyuan/GEM5/workloads/557.xz_r_10G/66/_66_0.136150_memory_.gz -> /home/gaoguangyuan/GEM5/cpt_logs/557.xz_r_10G_66__66_0.136150_memory_.gz.log, m5out -> /gem5/m5out_saved/...
[95/96] 即将运行: 557.xz_r_10G_79__79_0.070422_memory_.gz
  后台 PID 2849519 : /home/gaoguangyuan/GEM5/workloads/557.xz_r_10G/79/_79_0.070422_memory_.gz -> /home/gaoguangyuan/GEM5/cpt_logs/557.xz_r_10G_79__79_0.070422_memory_.gz.log, m5out -> /gem5/m5out_saved/...
已提交本批 5 个任务，等待本批完成后继续...
[96/96] 即将运行: 557.xz_r_10G_87__87_0.098591_memory_.gz
  后台 PID 2851027 : /home/gaoguangyuan/GEM5/workloads/557.xz_r_10G/87/_87_0.098591_memory_.gz -> /home/gaoguangyuan/GEM5/cpt_logs/557.xz_r_10G_87__87_0.098591_memory_.gz.log, m5out -> /gem5/m5out_saved/...
等待最后一批 1 个任务完成...
已提交 96 个后台任务，日志见: /home/gaoguangyuan/GEM5/cpt_logs
